{"/home/youssoupha/project/cnts/packages/api/eslint.config.mjs": {"path":"/home/youssoupha/project/cnts/packages/api/eslint.config.mjs","all":true,"statementMap":{"0":{"start":{"line":1,"column":0},"end":{"line":1,"column":56}},"1":{"start":{"line":2,"column":0},"end":{"line":2,"column":49}},"3":{"start":{"line":4,"column":0},"end":{"line":4,"column":16}},"4":{"start":{"line":5,"column":0},"end":{"line":5,"column":3}},"5":{"start":{"line":6,"column":0},"end":{"line":6,"column":23}},"6":{"start":{"line":7,"column":0},"end":{"line":7,"column":22}},"7":{"start":{"line":8,"column":0},"end":{"line":8,"column":23}},"8":{"start":{"line":9,"column":0},"end":{"line":9,"column":22}},"9":{"start":{"line":10,"column":0},"end":{"line":10,"column":30}},"10":{"start":{"line":11,"column":0},"end":{"line":11,"column":28}},"11":{"start":{"line":12,"column":0},"end":{"line":12,"column":7}},"12":{"start":{"line":13,"column":0},"end":{"line":13,"column":6}},"13":{"start":{"line":14,"column":0},"end":{"line":14,"column":14}},"14":{"start":{"line":15,"column":0},"end":{"line":15,"column":36}},"15":{"start":{"line":16,"column":0},"end":{"line":16,"column":6}},"16":{"start":{"line":17,"column":0},"end":{"line":17,"column":12}},"17":{"start":{"line":18,"column":0},"end":{"line":18,"column":83}},"18":{"start":{"line":19,"column":0},"end":{"line":19,"column":5}},"19":{"start":{"line":20,"column":0},"end":{"line":20,"column":3}},"20":{"start":{"line":21,"column":0},"end":{"line":21,"column":2}}},"s":{"0":0,"1":0,"3":0,"4":0,"5":0,"6":0,"7":0,"8":0,"9":0,"10":0,"11":0,"12":0,"13":0,"14":0,"15":0,"16":0,"17":0,"18":0,"19":0,"20":0},"branchMap":{"0":{"type":"branch","line":1,"loc":{"start":{"line":1,"column":466},"end":{"line":21,"column":2}},"locations":[{"start":{"line":1,"column":466},"end":{"line":21,"column":2}}]}},"b":{"0":[0]},"fnMap":{"0":{"name":"(empty-report)","decl":{"start":{"line":1,"column":466},"end":{"line":21,"column":2}},"loc":{"start":{"line":1,"column":466},"end":{"line":21,"column":2}},"line":1}},"f":{"0":0}}
,"/home/youssoupha/project/cnts/packages/api/vitest.config.ts": {"path":"/home/youssoupha/project/cnts/packages/api/vitest.config.ts","all":true,"statementMap":{"0":{"start":{"line":1,"column":0},"end":{"line":1,"column":45}},"2":{"start":{"line":3,"column":0},"end":{"line":3,"column":29}},"3":{"start":{"line":4,"column":0},"end":{"line":4,"column":9}},"4":{"start":{"line":5,"column":0},"end":{"line":5,"column":29}},"5":{"start":{"line":6,"column":0},"end":{"line":6,"column":15}},"6":{"start":{"line":7,"column":0},"end":{"line":7,"column":21}},"7":{"start":{"line":8,"column":0},"end":{"line":8,"column":48}},"8":{"start":{"line":9,"column":0},"end":{"line":9,"column":19}},"9":{"start":{"line":10,"column":0},"end":{"line":10,"column":23}},"10":{"start":{"line":11,"column":0},"end":{"line":11,"column":21}},"11":{"start":{"line":12,"column":0},"end":{"line":12,"column":22}},"12":{"start":{"line":13,"column":0},"end":{"line":13,"column":17}},"13":{"start":{"line":14,"column":0},"end":{"line":14,"column":7}},"14":{"start":{"line":15,"column":0},"end":{"line":15,"column":5}},"15":{"start":{"line":16,"column":0},"end":{"line":16,"column":3}},"16":{"start":{"line":17,"column":0},"end":{"line":17,"column":3}}},"s":{"0":0,"2":0,"3":0,"4":0,"5":0,"6":0,"7":0,"8":0,"9":0,"10":0,"11":0,"12":0,"13":0,"14":0,"15":0,"16":0},"branchMap":{"0":{"type":"branch","line":1,"loc":{"start":{"line":1,"column":332},"end":{"line":17,"column":3}},"locations":[{"start":{"line":1,"column":332},"end":{"line":17,"column":3}}]}},"b":{"0":[0]},"fnMap":{"0":{"name":"(empty-report)","decl":{"start":{"line":1,"column":332},"end":{"line":17,"column":3}},"loc":{"start":{"line":1,"column":332},"end":{"line":17,"column":3}},"line":1}},"f":{"0":0}}
,"/home/youssoupha/project/cnts/packages/api/src/client.ts": {"path":"/home/youssoupha/project/cnts/packages/api/src/client.ts","all":false,"statementMap":{"0":{"start":{"line":1,"column":0},"end":{"line":1,"column":59}},"13":{"start":{"line":14,"column":0},"end":{"line":14,"column":67}},"14":{"start":{"line":15,"column":0},"end":{"line":15,"column":65}},"15":{"start":{"line":16,"column":0},"end":{"line":16,"column":49}},"16":{"start":{"line":17,"column":0},"end":{"line":17,"column":27}},"17":{"start":{"line":18,"column":0},"end":{"line":18,"column":3}},"18":{"start":{"line":19,"column":0},"end":{"line":19,"column":25}},"19":{"start":{"line":20,"column":0},"end":{"line":20,"column":1}},"21":{"start":{"line":22,"column":0},"end":{"line":22,"column":46}},"25":{"start":{"line":26,"column":0},"end":{"line":26,"column":24}},"26":{"start":{"line":27,"column":0},"end":{"line":27,"column":48}},"27":{"start":{"line":28,"column":0},"end":{"line":28,"column":18}},"28":{"start":{"line":29,"column":0},"end":{"line":29,"column":14}},"29":{"start":{"line":30,"column":0},"end":{"line":30,"column":41}},"30":{"start":{"line":31,"column":0},"end":{"line":31,"column":37}},"31":{"start":{"line":32,"column":0},"end":{"line":32,"column":6}},"32":{"start":{"line":33,"column":0},"end":{"line":33,"column":5}},"34":{"start":{"line":35,"column":0},"end":{"line":35,"column":16}},"35":{"start":{"line":36,"column":0},"end":{"line":36,"column":41}},"36":{"start":{"line":37,"column":0},"end":{"line":37,"column":58}},"37":{"start":{"line":38,"column":0},"end":{"line":38,"column":3}},"39":{"start":{"line":40,"column":0},"end":{"line":40,"column":48}},"40":{"start":{"line":41,"column":0},"end":{"line":41,"column":1}},"42":{"start":{"line":43,"column":0},"end":{"line":43,"column":64}},"43":{"start":{"line":44,"column":0},"end":{"line":44,"column":38}},"44":{"start":{"line":45,"column":0},"end":{"line":45,"column":52}},"45":{"start":{"line":46,"column":0},"end":{"line":46,"column":24}},"46":{"start":{"line":47,"column":0},"end":{"line":47,"column":47}},"47":{"start":{"line":48,"column":0},"end":{"line":48,"column":5}},"48":{"start":{"line":49,"column":0},"end":{"line":49,"column":5}},"49":{"start":{"line":50,"column":0},"end":{"line":50,"column":20}},"50":{"start":{"line":51,"column":0},"end":{"line":51,"column":1}},"52":{"start":{"line":53,"column":0},"end":{"line":53,"column":60}},"53":{"start":{"line":54,"column":0},"end":{"line":54,"column":54}},"54":{"start":{"line":55,"column":0},"end":{"line":55,"column":78}},"57":{"start":{"line":58,"column":0},"end":{"line":58,"column":74}},"58":{"start":{"line":59,"column":0},"end":{"line":59,"column":57}},"59":{"start":{"line":60,"column":0},"end":{"line":60,"column":35}},"60":{"start":{"line":61,"column":0},"end":{"line":61,"column":16}},"61":{"start":{"line":62,"column":0},"end":{"line":62,"column":39}},"62":{"start":{"line":63,"column":0},"end":{"line":63,"column":7}},"63":{"start":{"line":64,"column":0},"end":{"line":64,"column":4}},"66":{"start":{"line":67,"column":0},"end":{"line":67,"column":55}},"67":{"start":{"line":68,"column":0},"end":{"line":68,"column":28}},"68":{"start":{"line":69,"column":0},"end":{"line":69,"column":16}},"69":{"start":{"line":70,"column":0},"end":{"line":70,"column":31}},"70":{"start":{"line":71,"column":0},"end":{"line":71,"column":13}},"71":{"start":{"line":72,"column":0},"end":{"line":72,"column":23}},"72":{"start":{"line":73,"column":0},"end":{"line":73,"column":54}},"73":{"start":{"line":74,"column":0},"end":{"line":74,"column":8}},"74":{"start":{"line":75,"column":0},"end":{"line":75,"column":7}},"77":{"start":{"line":78,"column":0},"end":{"line":78,"column":54}},"78":{"start":{"line":79,"column":0},"end":{"line":79,"column":28}},"79":{"start":{"line":80,"column":0},"end":{"line":80,"column":16}},"80":{"start":{"line":81,"column":0},"end":{"line":81,"column":31}},"81":{"start":{"line":82,"column":0},"end":{"line":82,"column":13}},"82":{"start":{"line":83,"column":0},"end":{"line":83,"column":22}},"83":{"start":{"line":84,"column":0},"end":{"line":84,"column":54}},"84":{"start":{"line":85,"column":0},"end":{"line":85,"column":8}},"85":{"start":{"line":86,"column":0},"end":{"line":86,"column":7}},"88":{"start":{"line":89,"column":0},"end":{"line":89,"column":42}},"89":{"start":{"line":90,"column":0},"end":{"line":90,"column":28}},"90":{"start":{"line":91,"column":0},"end":{"line":91,"column":16}},"91":{"start":{"line":92,"column":0},"end":{"line":92,"column":31}},"92":{"start":{"line":93,"column":0},"end":{"line":93,"column":33}},"93":{"start":{"line":94,"column":0},"end":{"line":94,"column":7}},"95":{"start":{"line":96,"column":0},"end":{"line":96,"column":10}},"99":{"start":{"line":100,"column":0},"end":{"line":100,"column":53}},"100":{"start":{"line":101,"column":0},"end":{"line":101,"column":58}},"105":{"start":{"line":106,"column":0},"end":{"line":106,"column":15}},"106":{"start":{"line":107,"column":0},"end":{"line":107,"column":23}},"111":{"start":{"line":112,"column":0},"end":{"line":112,"column":50}},"113":{"start":{"line":114,"column":0},"end":{"line":114,"column":76}},"115":{"start":{"line":116,"column":0},"end":{"line":116,"column":61}},"117":{"start":{"line":118,"column":0},"end":{"line":118,"column":39}},"118":{"start":{"line":119,"column":0},"end":{"line":119,"column":66}},"119":{"start":{"line":120,"column":0},"end":{"line":120,"column":6}},"124":{"start":{"line":125,"column":0},"end":{"line":125,"column":11}},"125":{"start":{"line":126,"column":0},"end":{"line":126,"column":23}},"130":{"start":{"line":131,"column":0},"end":{"line":131,"column":42}},"132":{"start":{"line":133,"column":0},"end":{"line":133,"column":64}},"134":{"start":{"line":135,"column":0},"end":{"line":135,"column":53}},"136":{"start":{"line":137,"column":0},"end":{"line":137,"column":35}},"137":{"start":{"line":138,"column":0},"end":{"line":138,"column":54}},"138":{"start":{"line":139,"column":0},"end":{"line":139,"column":6}},"143":{"start":{"line":144,"column":0},"end":{"line":144,"column":15}},"144":{"start":{"line":145,"column":0},"end":{"line":145,"column":23}},"150":{"start":{"line":151,"column":0},"end":{"line":151,"column":50}},"152":{"start":{"line":153,"column":0},"end":{"line":153,"column":76}},"154":{"start":{"line":155,"column":0},"end":{"line":155,"column":61}},"155":{"start":{"line":156,"column":0},"end":{"line":156,"column":6}},"160":{"start":{"line":161,"column":0},"end":{"line":161,"column":17}},"161":{"start":{"line":162,"column":0},"end":{"line":162,"column":31}},"162":{"start":{"line":163,"column":0},"end":{"line":163,"column":55}},"164":{"start":{"line":165,"column":0},"end":{"line":165,"column":33}},"165":{"start":{"line":166,"column":0},"end":{"line":166,"column":65}},"166":{"start":{"line":167,"column":0},"end":{"line":167,"column":6}},"171":{"start":{"line":172,"column":0},"end":{"line":172,"column":13}},"172":{"start":{"line":173,"column":0},"end":{"line":173,"column":80}},"174":{"start":{"line":175,"column":0},"end":{"line":175,"column":57}},"176":{"start":{"line":177,"column":0},"end":{"line":177,"column":74}},"178":{"start":{"line":179,"column":0},"end":{"line":179,"column":50}},"179":{"start":{"line":180,"column":0},"end":{"line":180,"column":64}},"181":{"start":{"line":182,"column":0},"end":{"line":182,"column":73}},"182":{"start":{"line":183,"column":0},"end":{"line":183,"column":6}},"187":{"start":{"line":188,"column":0},"end":{"line":188,"column":12}},"189":{"start":{"line":190,"column":0},"end":{"line":190,"column":52}},"190":{"start":{"line":191,"column":0},"end":{"line":191,"column":69}},"193":{"start":{"line":194,"column":0},"end":{"line":194,"column":31}},"194":{"start":{"line":195,"column":0},"end":{"line":195,"column":21}},"195":{"start":{"line":196,"column":0},"end":{"line":196,"column":44}},"197":{"start":{"line":198,"column":0},"end":{"line":198,"column":37}},"198":{"start":{"line":199,"column":0},"end":{"line":199,"column":51}},"199":{"start":{"line":200,"column":0},"end":{"line":200,"column":14}},"200":{"start":{"line":201,"column":0},"end":{"line":201,"column":10}},"203":{"start":{"line":204,"column":0},"end":{"line":204,"column":68}},"205":{"start":{"line":206,"column":0},"end":{"line":206,"column":46}},"206":{"start":{"line":207,"column":0},"end":{"line":207,"column":59}},"208":{"start":{"line":209,"column":0},"end":{"line":209,"column":76}},"209":{"start":{"line":210,"column":0},"end":{"line":210,"column":65}},"212":{"start":{"line":213,"column":0},"end":{"line":213,"column":73}},"213":{"start":{"line":214,"column":0},"end":{"line":214,"column":66}},"215":{"start":{"line":216,"column":0},"end":{"line":216,"column":35}},"216":{"start":{"line":217,"column":0},"end":{"line":217,"column":64}},"218":{"start":{"line":219,"column":0},"end":{"line":219,"column":61}},"219":{"start":{"line":220,"column":0},"end":{"line":220,"column":75}},"221":{"start":{"line":222,"column":0},"end":{"line":222,"column":75}},"222":{"start":{"line":223,"column":0},"end":{"line":223,"column":70}},"224":{"start":{"line":225,"column":0},"end":{"line":225,"column":38}},"225":{"start":{"line":226,"column":0},"end":{"line":226,"column":61}},"228":{"start":{"line":229,"column":0},"end":{"line":229,"column":34}},"232":{"start":{"line":233,"column":0},"end":{"line":233,"column":52}},"233":{"start":{"line":234,"column":0},"end":{"line":234,"column":6}},"238":{"start":{"line":239,"column":0},"end":{"line":239,"column":15}},"239":{"start":{"line":240,"column":0},"end":{"line":240,"column":72}},"240":{"start":{"line":241,"column":0},"end":{"line":241,"column":46}},"242":{"start":{"line":243,"column":0},"end":{"line":243,"column":76}},"244":{"start":{"line":245,"column":0},"end":{"line":245,"column":61}},"245":{"start":{"line":246,"column":0},"end":{"line":246,"column":6}},"250":{"start":{"line":251,"column":0},"end":{"line":251,"column":16}},"251":{"start":{"line":252,"column":0},"end":{"line":252,"column":23}},"255":{"start":{"line":256,"column":0},"end":{"line":256,"column":52}},"257":{"start":{"line":258,"column":0},"end":{"line":258,"column":79}},"259":{"start":{"line":260,"column":0},"end":{"line":260,"column":63}},"261":{"start":{"line":262,"column":0},"end":{"line":262,"column":66}},"262":{"start":{"line":263,"column":0},"end":{"line":263,"column":75}},"264":{"start":{"line":265,"column":0},"end":{"line":265,"column":67}},"265":{"start":{"line":266,"column":0},"end":{"line":266,"column":56}},"266":{"start":{"line":267,"column":0},"end":{"line":267,"column":38}},"267":{"start":{"line":268,"column":0},"end":{"line":268,"column":17}},"268":{"start":{"line":269,"column":0},"end":{"line":269,"column":10}},"270":{"start":{"line":271,"column":0},"end":{"line":271,"column":29}},"271":{"start":{"line":272,"column":0},"end":{"line":272,"column":68}},"273":{"start":{"line":274,"column":0},"end":{"line":274,"column":30}},"274":{"start":{"line":275,"column":0},"end":{"line":275,"column":54}},"275":{"start":{"line":276,"column":0},"end":{"line":276,"column":36}},"276":{"start":{"line":277,"column":0},"end":{"line":277,"column":10}},"278":{"start":{"line":279,"column":0},"end":{"line":279,"column":30}},"279":{"start":{"line":280,"column":0},"end":{"line":280,"column":68}},"280":{"start":{"line":281,"column":0},"end":{"line":281,"column":6}},"285":{"start":{"line":286,"column":0},"end":{"line":286,"column":16}},"286":{"start":{"line":287,"column":0},"end":{"line":287,"column":69}},"287":{"start":{"line":288,"column":0},"end":{"line":288,"column":48}},"289":{"start":{"line":290,"column":0},"end":{"line":290,"column":41}},"290":{"start":{"line":291,"column":0},"end":{"line":291,"column":45}},"292":{"start":{"line":293,"column":0},"end":{"line":293,"column":63}},"293":{"start":{"line":294,"column":0},"end":{"line":294,"column":6}},"298":{"start":{"line":299,"column":0},"end":{"line":299,"column":17}},"299":{"start":{"line":300,"column":0},"end":{"line":300,"column":43}},"300":{"start":{"line":301,"column":0},"end":{"line":301,"column":49}},"301":{"start":{"line":302,"column":0},"end":{"line":302,"column":6}},"306":{"start":{"line":307,"column":0},"end":{"line":307,"column":20}},"307":{"start":{"line":308,"column":0},"end":{"line":308,"column":43}},"311":{"start":{"line":312,"column":0},"end":{"line":312,"column":74}},"313":{"start":{"line":314,"column":0},"end":{"line":314,"column":44}},"314":{"start":{"line":315,"column":0},"end":{"line":315,"column":66}},"316":{"start":{"line":317,"column":0},"end":{"line":317,"column":68}},"317":{"start":{"line":318,"column":0},"end":{"line":318,"column":47}},"319":{"start":{"line":320,"column":0},"end":{"line":320,"column":68}},"320":{"start":{"line":321,"column":0},"end":{"line":321,"column":6}},"321":{"start":{"line":322,"column":0},"end":{"line":322,"column":4}},"322":{"start":{"line":323,"column":0},"end":{"line":323,"column":1}}},"s":{"0":1,"13":52,"14":52,"15":52,"16":51,"17":51,"18":1,"19":1,"21":52,"25":52,"26":52,"27":52,"28":52,"29":52,"30":52,"31":52,"32":52,"34":52,"35":1,"36":1,"37":1,"39":51,"40":51,"42":2,"43":2,"44":2,"45":4,"46":4,"47":4,"48":2,"49":2,"50":2,"52":1,"53":5,"54":5,"57":5,"58":32,"59":32,"60":32,"61":32,"62":32,"63":32,"66":5,"67":15,"68":15,"69":15,"70":15,"71":15,"72":15,"73":15,"74":15,"77":5,"78":3,"79":3,"80":3,"81":3,"82":3,"83":3,"84":3,"85":3,"88":5,"89":2,"90":2,"91":2,"92":2,"93":2,"95":5,"99":5,"100":5,"105":5,"106":5,"111":2,"113":5,"115":5,"117":5,"118":0,"119":5,"124":5,"125":5,"130":1,"132":5,"134":5,"136":5,"137":0,"138":5,"143":5,"144":5,"150":1,"152":5,"154":5,"155":5,"160":5,"161":5,"162":1,"164":5,"165":1,"166":5,"171":5,"172":5,"174":5,"176":5,"178":5,"179":1,"181":5,"182":5,"187":5,"189":5,"190":1,"193":5,"194":1,"195":1,"197":1,"198":1,"199":1,"200":1,"203":5,"205":5,"206":1,"208":5,"209":1,"212":5,"213":1,"215":5,"216":1,"218":5,"219":1,"221":5,"222":1,"224":5,"225":1,"228":5,"232":1,"233":5,"238":5,"239":5,"240":1,"242":5,"244":5,"245":5,"250":5,"251":5,"255":1,"257":5,"259":5,"261":5,"262":1,"264":5,"265":1,"266":1,"267":1,"268":1,"270":5,"271":1,"273":5,"274":1,"275":1,"276":1,"278":5,"279":1,"280":5,"285":5,"286":5,"287":1,"289":5,"290":1,"292":5,"293":5,"298":5,"299":5,"300":1,"301":5,"306":5,"307":5,"311":1,"313":5,"314":1,"316":5,"317":1,"319":5,"320":5,"321":5,"322":5},"branchMap":{"0":{"type":"branch","line":14,"loc":{"start":{"line":14,"column":0},"end":{"line":20,"column":1}},"locations":[{"start":{"line":14,"column":0},"end":{"line":20,"column":1}}]},"1":{"type":"branch","line":15,"loc":{"start":{"line":15,"column":57},"end":{"line":15,"column":65}},"locations":[{"start":{"line":15,"column":57},"end":{"line":15,"column":65}}]},"2":{"type":"branch","line":16,"loc":{"start":{"line":16,"column":48},"end":{"line":18,"column":3}},"locations":[{"start":{"line":16,"column":48},"end":{"line":18,"column":3}}]},"3":{"type":"branch","line":18,"loc":{"start":{"line":18,"column":2},"end":{"line":20,"column":1}},"locations":[{"start":{"line":18,"column":2},"end":{"line":20,"column":1}}]},"4":{"type":"branch","line":22,"loc":{"start":{"line":22,"column":0},"end":{"line":41,"column":1}},"locations":[{"start":{"line":22,"column":0},"end":{"line":41,"column":1}}]},"5":{"type":"branch","line":31,"loc":{"start":{"line":31,"column":16},"end":{"line":31,"column":33}},"locations":[{"start":{"line":31,"column":16},"end":{"line":31,"column":33}}]},"6":{"type":"branch","line":35,"loc":{"start":{"line":35,"column":15},"end":{"line":38,"column":3}},"locations":[{"start":{"line":35,"column":15},"end":{"line":38,"column":3}}]},"7":{"type":"branch","line":38,"loc":{"start":{"line":38,"column":2},"end":{"line":41,"column":1}},"locations":[{"start":{"line":38,"column":2},"end":{"line":41,"column":1}}]},"8":{"type":"branch","line":43,"loc":{"start":{"line":43,"column":0},"end":{"line":51,"column":1}},"locations":[{"start":{"line":43,"column":0},"end":{"line":51,"column":1}}]},"9":{"type":"branch","line":45,"loc":{"start":{"line":45,"column":33},"end":{"line":49,"column":3}},"locations":[{"start":{"line":45,"column":33},"end":{"line":49,"column":3}}]},"10":{"type":"branch","line":53,"loc":{"start":{"line":53,"column":7},"end":{"line":323,"column":1}},"locations":[{"start":{"line":53,"column":7},"end":{"line":323,"column":1}}]},"11":{"type":"branch","line":58,"loc":{"start":{"line":58,"column":14},"end":{"line":64,"column":4}},"locations":[{"start":{"line":58,"column":14},"end":{"line":64,"column":4}}]},"12":{"type":"branch","line":59,"loc":{"start":{"line":59,"column":18},"end":{"line":59,"column":54}},"locations":[{"start":{"line":59,"column":18},"end":{"line":59,"column":54}}]},"13":{"type":"branch","line":59,"loc":{"start":{"line":59,"column":50},"end":{"line":59,"column":57}},"locations":[{"start":{"line":59,"column":50},"end":{"line":59,"column":57}}]},"14":{"type":"branch","line":67,"loc":{"start":{"line":67,"column":15},"end":{"line":75,"column":7}},"locations":[{"start":{"line":67,"column":15},"end":{"line":75,"column":7}}]},"15":{"type":"branch","line":73,"loc":{"start":{"line":73,"column":14},"end":{"line":73,"column":44}},"locations":[{"start":{"line":73,"column":14},"end":{"line":73,"column":44}}]},"16":{"type":"branch","line":73,"loc":{"start":{"line":73,"column":40},"end":{"line":73,"column":54}},"locations":[{"start":{"line":73,"column":40},"end":{"line":73,"column":54}}]},"17":{"type":"branch","line":78,"loc":{"start":{"line":78,"column":14},"end":{"line":86,"column":7}},"locations":[{"start":{"line":78,"column":14},"end":{"line":86,"column":7}}]},"18":{"type":"branch","line":84,"loc":{"start":{"line":84,"column":40},"end":{"line":84,"column":54}},"locations":[{"start":{"line":84,"column":40},"end":{"line":84,"column":54}}]},"19":{"type":"branch","line":89,"loc":{"start":{"line":89,"column":14},"end":{"line":94,"column":7}},"locations":[{"start":{"line":89,"column":14},"end":{"line":94,"column":7}}]},"20":{"type":"branch","line":100,"loc":{"start":{"line":100,"column":12},"end":{"line":100,"column":53}},"locations":[{"start":{"line":100,"column":12},"end":{"line":100,"column":53}}]},"21":{"type":"branch","line":101,"loc":{"start":{"line":101,"column":14},"end":{"line":101,"column":58}},"locations":[{"start":{"line":101,"column":14},"end":{"line":101,"column":58}}]},"22":{"type":"branch","line":107,"loc":{"start":{"line":107,"column":12},"end":{"line":112,"column":50}},"locations":[{"start":{"line":107,"column":12},"end":{"line":112,"column":50}}]},"23":{"type":"branch","line":114,"loc":{"start":{"line":114,"column":14},"end":{"line":114,"column":76}},"locations":[{"start":{"line":114,"column":14},"end":{"line":114,"column":76}}]},"24":{"type":"branch","line":116,"loc":{"start":{"line":116,"column":11},"end":{"line":116,"column":61}},"locations":[{"start":{"line":116,"column":11},"end":{"line":116,"column":61}}]},"25":{"type":"branch","line":126,"loc":{"start":{"line":126,"column":12},"end":{"line":131,"column":42}},"locations":[{"start":{"line":126,"column":12},"end":{"line":131,"column":42}}]},"26":{"type":"branch","line":133,"loc":{"start":{"line":133,"column":14},"end":{"line":133,"column":64}},"locations":[{"start":{"line":133,"column":14},"end":{"line":133,"column":64}}]},"27":{"type":"branch","line":135,"loc":{"start":{"line":135,"column":11},"end":{"line":135,"column":53}},"locations":[{"start":{"line":135,"column":11},"end":{"line":135,"column":53}}]},"28":{"type":"branch","line":145,"loc":{"start":{"line":145,"column":12},"end":{"line":151,"column":50}},"locations":[{"start":{"line":145,"column":12},"end":{"line":151,"column":50}}]},"29":{"type":"branch","line":153,"loc":{"start":{"line":153,"column":14},"end":{"line":153,"column":76}},"locations":[{"start":{"line":153,"column":14},"end":{"line":153,"column":76}}]},"30":{"type":"branch","line":155,"loc":{"start":{"line":155,"column":11},"end":{"line":155,"column":61}},"locations":[{"start":{"line":155,"column":11},"end":{"line":155,"column":61}}]},"31":{"type":"branch","line":162,"loc":{"start":{"line":162,"column":13},"end":{"line":163,"column":55}},"locations":[{"start":{"line":162,"column":13},"end":{"line":163,"column":55}}]},"32":{"type":"branch","line":165,"loc":{"start":{"line":165,"column":15},"end":{"line":166,"column":65}},"locations":[{"start":{"line":165,"column":15},"end":{"line":166,"column":65}}]},"33":{"type":"branch","line":173,"loc":{"start":{"line":173,"column":12},"end":{"line":173,"column":80}},"locations":[{"start":{"line":173,"column":12},"end":{"line":173,"column":80}}]},"34":{"type":"branch","line":175,"loc":{"start":{"line":175,"column":11},"end":{"line":175,"column":57}},"locations":[{"start":{"line":175,"column":11},"end":{"line":175,"column":57}}]},"35":{"type":"branch","line":177,"loc":{"start":{"line":177,"column":23},"end":{"line":177,"column":74}},"locations":[{"start":{"line":177,"column":23},"end":{"line":177,"column":74}}]},"36":{"type":"branch","line":179,"loc":{"start":{"line":179,"column":28},"end":{"line":180,"column":64}},"locations":[{"start":{"line":179,"column":28},"end":{"line":180,"column":64}}]},"37":{"type":"branch","line":182,"loc":{"start":{"line":182,"column":14},"end":{"line":182,"column":73}},"locations":[{"start":{"line":182,"column":14},"end":{"line":182,"column":73}}]},"38":{"type":"branch","line":190,"loc":{"start":{"line":190,"column":19},"end":{"line":191,"column":69}},"locations":[{"start":{"line":190,"column":19},"end":{"line":191,"column":69}}]},"39":{"type":"branch","line":194,"loc":{"start":{"line":194,"column":30},"end":{"line":201,"column":10}},"locations":[{"start":{"line":194,"column":30},"end":{"line":201,"column":10}}]},"40":{"type":"branch","line":204,"loc":{"start":{"line":204,"column":24},"end":{"line":204,"column":68}},"locations":[{"start":{"line":204,"column":24},"end":{"line":204,"column":68}}]},"41":{"type":"branch","line":206,"loc":{"start":{"line":206,"column":22},"end":{"line":207,"column":59}},"locations":[{"start":{"line":206,"column":22},"end":{"line":207,"column":59}}]},"42":{"type":"branch","line":209,"loc":{"start":{"line":209,"column":25},"end":{"line":210,"column":65}},"locations":[{"start":{"line":209,"column":25},"end":{"line":210,"column":65}}]},"43":{"type":"branch","line":213,"loc":{"start":{"line":213,"column":20},"end":{"line":214,"column":66}},"locations":[{"start":{"line":213,"column":20},"end":{"line":214,"column":66}}]},"44":{"type":"branch","line":216,"loc":{"start":{"line":216,"column":18},"end":{"line":217,"column":64}},"locations":[{"start":{"line":216,"column":18},"end":{"line":217,"column":64}}]},"45":{"type":"branch","line":219,"loc":{"start":{"line":219,"column":21},"end":{"line":220,"column":75}},"locations":[{"start":{"line":219,"column":21},"end":{"line":220,"column":75}}]},"46":{"type":"branch","line":222,"loc":{"start":{"line":222,"column":21},"end":{"line":223,"column":70}},"locations":[{"start":{"line":222,"column":21},"end":{"line":223,"column":70}}]},"47":{"type":"branch","line":225,"loc":{"start":{"line":225,"column":21},"end":{"line":226,"column":61}},"locations":[{"start":{"line":225,"column":21},"end":{"line":226,"column":61}}]},"48":{"type":"branch","line":229,"loc":{"start":{"line":229,"column":23},"end":{"line":233,"column":52}},"locations":[{"start":{"line":229,"column":23},"end":{"line":233,"column":52}}]},"49":{"type":"branch","line":240,"loc":{"start":{"line":240,"column":12},"end":{"line":241,"column":46}},"locations":[{"start":{"line":240,"column":12},"end":{"line":241,"column":46}}]},"50":{"type":"branch","line":243,"loc":{"start":{"line":243,"column":14},"end":{"line":243,"column":76}},"locations":[{"start":{"line":243,"column":14},"end":{"line":243,"column":76}}]},"51":{"type":"branch","line":245,"loc":{"start":{"line":245,"column":11},"end":{"line":245,"column":61}},"locations":[{"start":{"line":245,"column":11},"end":{"line":245,"column":61}}]},"52":{"type":"branch","line":252,"loc":{"start":{"line":252,"column":12},"end":{"line":256,"column":52}},"locations":[{"start":{"line":252,"column":12},"end":{"line":256,"column":52}}]},"53":{"type":"branch","line":258,"loc":{"start":{"line":258,"column":14},"end":{"line":258,"column":79}},"locations":[{"start":{"line":258,"column":14},"end":{"line":258,"column":79}}]},"54":{"type":"branch","line":260,"loc":{"start":{"line":260,"column":11},"end":{"line":260,"column":63}},"locations":[{"start":{"line":260,"column":11},"end":{"line":260,"column":63}}]},"55":{"type":"branch","line":262,"loc":{"start":{"line":262,"column":15},"end":{"line":263,"column":75}},"locations":[{"start":{"line":262,"column":15},"end":{"line":263,"column":75}}]},"56":{"type":"branch","line":265,"loc":{"start":{"line":265,"column":16},"end":{"line":269,"column":10}},"locations":[{"start":{"line":265,"column":16},"end":{"line":269,"column":10}}]},"57":{"type":"branch","line":271,"loc":{"start":{"line":271,"column":14},"end":{"line":272,"column":68}},"locations":[{"start":{"line":271,"column":14},"end":{"line":272,"column":68}}]},"58":{"type":"branch","line":274,"loc":{"start":{"line":274,"column":15},"end":{"line":277,"column":10}},"locations":[{"start":{"line":274,"column":15},"end":{"line":277,"column":10}}]},"59":{"type":"branch","line":279,"loc":{"start":{"line":279,"column":25},"end":{"line":280,"column":68}},"locations":[{"start":{"line":279,"column":25},"end":{"line":280,"column":68}}]},"60":{"type":"branch","line":287,"loc":{"start":{"line":287,"column":12},"end":{"line":288,"column":48}},"locations":[{"start":{"line":287,"column":12},"end":{"line":288,"column":48}}]},"61":{"type":"branch","line":290,"loc":{"start":{"line":290,"column":14},"end":{"line":291,"column":45}},"locations":[{"start":{"line":290,"column":14},"end":{"line":291,"column":45}}]},"62":{"type":"branch","line":293,"loc":{"start":{"line":293,"column":11},"end":{"line":293,"column":63}},"locations":[{"start":{"line":293,"column":11},"end":{"line":293,"column":63}}]},"63":{"type":"branch","line":300,"loc":{"start":{"line":300,"column":14},"end":{"line":301,"column":49}},"locations":[{"start":{"line":300,"column":14},"end":{"line":301,"column":49}}]},"64":{"type":"branch","line":308,"loc":{"start":{"line":308,"column":32},"end":{"line":312,"column":74}},"locations":[{"start":{"line":308,"column":32},"end":{"line":312,"column":74}}]},"65":{"type":"branch","line":314,"loc":{"start":{"line":314,"column":29},"end":{"line":315,"column":66}},"locations":[{"start":{"line":314,"column":29},"end":{"line":315,"column":66}}]},"66":{"type":"branch","line":317,"loc":{"start":{"line":317,"column":19},"end":{"line":318,"column":47}},"locations":[{"start":{"line":317,"column":19},"end":{"line":318,"column":47}}]},"67":{"type":"branch","line":320,"loc":{"start":{"line":320,"column":17},"end":{"line":320,"column":68}},"locations":[{"start":{"line":320,"column":17},"end":{"line":320,"column":68}}]}},"b":{"0":[52],"1":[0],"2":[51],"3":[1],"4":[52],"5":[20],"6":[1],"7":[51],"8":[2],"9":[4],"10":[5],"11":[32],"12":[2],"13":[30],"14":[15],"15":[11],"16":[4],"17":[3],"18":[0],"19":[2],"20":[4],"21":[1],"22":[2],"23":[1],"24":[1],"25":[1],"26":[1],"27":[1],"28":[1],"29":[1],"30":[1],"31":[1],"32":[1],"33":[1],"34":[1],"35":[1],"36":[1],"37":[1],"38":[1],"39":[1],"40":[1],"41":[1],"42":[1],"43":[1],"44":[1],"45":[1],"46":[1],"47":[1],"48":[1],"49":[1],"50":[1],"51":[1],"52":[1],"53":[1],"54":[1],"55":[1],"56":[1],"57":[1],"58":[1],"59":[1],"60":[1],"61":[1],"62":[1],"63":[1],"64":[1],"65":[1],"66":[1],"67":[1]},"fnMap":{"0":{"name":"readJsonSafe","decl":{"start":{"line":14,"column":0},"end":{"line":20,"column":1}},"loc":{"start":{"line":14,"column":0},"end":{"line":20,"column":1}},"line":14},"1":{"name":"requestJson","decl":{"start":{"line":22,"column":0},"end":{"line":41,"column":1}},"loc":{"start":{"line":22,"column":0},"end":{"line":41,"column":1}},"line":22},"2":{"name":"buildQueryString","decl":{"start":{"line":43,"column":0},"end":{"line":51,"column":1}},"loc":{"start":{"line":43,"column":0},"end":{"line":51,"column":1}},"line":43},"3":{"name":"createApiClient","decl":{"start":{"line":53,"column":7},"end":{"line":323,"column":1}},"loc":{"start":{"line":53,"column":7},"end":{"line":323,"column":1}},"line":53},"4":{"name":"get","decl":{"start":{"line":58,"column":14},"end":{"line":64,"column":4}},"loc":{"start":{"line":58,"column":14},"end":{"line":64,"column":4}},"line":58},"5":{"name":"post","decl":{"start":{"line":67,"column":15},"end":{"line":75,"column":7}},"loc":{"start":{"line":67,"column":15},"end":{"line":75,"column":7}},"line":67},"6":{"name":"put","decl":{"start":{"line":78,"column":14},"end":{"line":86,"column":7}},"loc":{"start":{"line":78,"column":14},"end":{"line":86,"column":7}},"line":78},"7":{"name":"del","decl":{"start":{"line":89,"column":14},"end":{"line":94,"column":7}},"loc":{"start":{"line":89,"column":14},"end":{"line":94,"column":7}},"line":89},"8":{"name":"health","decl":{"start":{"line":100,"column":12},"end":{"line":100,"column":53}},"loc":{"start":{"line":100,"column":12},"end":{"line":100,"column":53}},"line":100},"9":{"name":"healthDb","decl":{"start":{"line":101,"column":14},"end":{"line":101,"column":58}},"loc":{"start":{"line":101,"column":14},"end":{"line":101,"column":58}},"line":101},"10":{"name":"list","decl":{"start":{"line":107,"column":12},"end":{"line":112,"column":50}},"loc":{"start":{"line":107,"column":12},"end":{"line":112,"column":50}},"line":107},"11":{"name":"create","decl":{"start":{"line":114,"column":14},"end":{"line":114,"column":76}},"loc":{"start":{"line":114,"column":14},"end":{"line":114,"column":76}},"line":114},"12":{"name":"get","decl":{"start":{"line":116,"column":11},"end":{"line":116,"column":61}},"loc":{"start":{"line":116,"column":11},"end":{"line":116,"column":61}},"line":116},"13":{"name":"checkEligibilite","decl":{"start":{"line":118,"column":24},"end":{"line":119,"column":66}},"loc":{"start":{"line":118,"column":24},"end":{"line":119,"column":66}},"line":118},"14":{"name":"list","decl":{"start":{"line":126,"column":12},"end":{"line":131,"column":42}},"loc":{"start":{"line":126,"column":12},"end":{"line":131,"column":42}},"line":126},"15":{"name":"create","decl":{"start":{"line":133,"column":14},"end":{"line":133,"column":64}},"loc":{"start":{"line":133,"column":14},"end":{"line":133,"column":64}},"line":133},"16":{"name":"get","decl":{"start":{"line":135,"column":11},"end":{"line":135,"column":53}},"loc":{"start":{"line":135,"column":11},"end":{"line":135,"column":53}},"line":135},"17":{"name":"getEtiquette","decl":{"start":{"line":137,"column":20},"end":{"line":138,"column":54}},"loc":{"start":{"line":137,"column":20},"end":{"line":138,"column":54}},"line":137},"18":{"name":"list","decl":{"start":{"line":145,"column":12},"end":{"line":151,"column":50}},"loc":{"start":{"line":145,"column":12},"end":{"line":151,"column":50}},"line":145},"19":{"name":"create","decl":{"start":{"line":153,"column":14},"end":{"line":153,"column":76}},"loc":{"start":{"line":153,"column":14},"end":{"line":153,"column":76}},"line":153},"20":{"name":"get","decl":{"start":{"line":155,"column":11},"end":{"line":155,"column":61}},"loc":{"start":{"line":155,"column":11},"end":{"line":155,"column":61}},"line":155},"21":{"name":"check","decl":{"start":{"line":162,"column":13},"end":{"line":163,"column":55}},"loc":{"start":{"line":162,"column":13},"end":{"line":163,"column":55}},"line":162},"22":{"name":"liberer","decl":{"start":{"line":165,"column":15},"end":{"line":166,"column":65}},"loc":{"start":{"line":165,"column":15},"end":{"line":166,"column":65}},"line":165},"23":{"name":"list","decl":{"start":{"line":173,"column":12},"end":{"line":173,"column":80}},"loc":{"start":{"line":173,"column":12},"end":{"line":173,"column":80}},"line":173},"24":{"name":"get","decl":{"start":{"line":175,"column":11},"end":{"line":175,"column":57}},"loc":{"start":{"line":175,"column":11},"end":{"line":175,"column":57}},"line":175},"25":{"name":"getStockSummary","decl":{"start":{"line":177,"column":23},"end":{"line":177,"column":74}},"loc":{"start":{"line":177,"column":23},"end":{"line":177,"column":74}},"line":177},"26":{"name":"getAlertesPeremption","decl":{"start":{"line":179,"column":28},"end":{"line":180,"column":64}},"loc":{"start":{"line":179,"column":28},"end":{"line":180,"column":64}},"line":179},"27":{"name":"delete","decl":{"start":{"line":182,"column":14},"end":{"line":182,"column":73}},"loc":{"start":{"line":182,"column":14},"end":{"line":182,"column":73}},"line":182},"28":{"name":"fractionner","decl":{"start":{"line":190,"column":19},"end":{"line":191,"column":69}},"loc":{"start":{"line":190,"column":19},"end":{"line":191,"column":69}},"line":190},"29":{"name":"fractionnerAvecRecette","decl":{"start":{"line":194,"column":30},"end":{"line":201,"column":10}},"loc":{"start":{"line":194,"column":30},"end":{"line":201,"column":10}},"line":194},"30":{"name":"listProductRules","decl":{"start":{"line":204,"column":24},"end":{"line":204,"column":68}},"loc":{"start":{"line":204,"column":24},"end":{"line":204,"column":68}},"line":204},"31":{"name":"getProductRule","decl":{"start":{"line":206,"column":22},"end":{"line":207,"column":59}},"loc":{"start":{"line":206,"column":22},"end":{"line":207,"column":59}},"line":206},"32":{"name":"upsertProductRule","decl":{"start":{"line":209,"column":25},"end":{"line":210,"column":65}},"loc":{"start":{"line":209,"column":25},"end":{"line":210,"column":65}},"line":209},"33":{"name":"listRecettes","decl":{"start":{"line":213,"column":20},"end":{"line":214,"column":66}},"loc":{"start":{"line":213,"column":20},"end":{"line":214,"column":66}},"line":213},"34":{"name":"getRecette","decl":{"start":{"line":216,"column":18},"end":{"line":217,"column":64}},"loc":{"start":{"line":216,"column":18},"end":{"line":217,"column":64}},"line":216},"35":{"name":"createRecette","decl":{"start":{"line":219,"column":21},"end":{"line":220,"column":75}},"loc":{"start":{"line":219,"column":21},"end":{"line":220,"column":75}},"line":219},"36":{"name":"updateRecette","decl":{"start":{"line":222,"column":21},"end":{"line":223,"column":70}},"loc":{"start":{"line":222,"column":21},"end":{"line":223,"column":70}},"line":222},"37":{"name":"deleteRecette","decl":{"start":{"line":225,"column":21},"end":{"line":226,"column":61}},"loc":{"start":{"line":225,"column":21},"end":{"line":226,"column":61}},"line":225},"38":{"name":"listPochesStock","decl":{"start":{"line":229,"column":23},"end":{"line":233,"column":52}},"loc":{"start":{"line":229,"column":23},"end":{"line":233,"column":52}},"line":229},"39":{"name":"list","decl":{"start":{"line":240,"column":12},"end":{"line":241,"column":46}},"loc":{"start":{"line":240,"column":12},"end":{"line":241,"column":46}},"line":240},"40":{"name":"create","decl":{"start":{"line":243,"column":14},"end":{"line":243,"column":76}},"loc":{"start":{"line":243,"column":14},"end":{"line":243,"column":76}},"line":243},"41":{"name":"get","decl":{"start":{"line":245,"column":11},"end":{"line":245,"column":61}},"loc":{"start":{"line":245,"column":11},"end":{"line":245,"column":61}},"line":245},"42":{"name":"list","decl":{"start":{"line":252,"column":12},"end":{"line":256,"column":52}},"loc":{"start":{"line":252,"column":12},"end":{"line":256,"column":52}},"line":252},"43":{"name":"create","decl":{"start":{"line":258,"column":14},"end":{"line":258,"column":79}},"loc":{"start":{"line":258,"column":14},"end":{"line":258,"column":79}},"line":258},"44":{"name":"get","decl":{"start":{"line":260,"column":11},"end":{"line":260,"column":63}},"loc":{"start":{"line":260,"column":11},"end":{"line":260,"column":63}},"line":260},"45":{"name":"valider","decl":{"start":{"line":262,"column":15},"end":{"line":263,"column":75}},"loc":{"start":{"line":262,"column":15},"end":{"line":263,"column":75}},"line":262},"46":{"name":"affecter","decl":{"start":{"line":265,"column":16},"end":{"line":269,"column":10}},"loc":{"start":{"line":265,"column":16},"end":{"line":269,"column":10}},"line":265},"47":{"name":"servir","decl":{"start":{"line":271,"column":14},"end":{"line":272,"column":68}},"loc":{"start":{"line":271,"column":14},"end":{"line":272,"column":68}},"line":271},"48":{"name":"annuler","decl":{"start":{"line":274,"column":15},"end":{"line":277,"column":10}},"loc":{"start":{"line":274,"column":15},"end":{"line":277,"column":10}},"line":274},"49":{"name":"sweepReservations","decl":{"start":{"line":279,"column":25},"end":{"line":280,"column":68}},"loc":{"start":{"line":279,"column":25},"end":{"line":280,"column":68}},"line":279},"50":{"name":"list","decl":{"start":{"line":287,"column":12},"end":{"line":288,"column":48}},"loc":{"start":{"line":287,"column":12},"end":{"line":288,"column":48}},"line":287},"51":{"name":"create","decl":{"start":{"line":290,"column":14},"end":{"line":291,"column":45}},"loc":{"start":{"line":290,"column":14},"end":{"line":291,"column":45}},"line":290},"52":{"name":"get","decl":{"start":{"line":293,"column":11},"end":{"line":293,"column":63}},"loc":{"start":{"line":293,"column":11},"end":{"line":293,"column":63}},"line":293},"53":{"name":"create","decl":{"start":{"line":300,"column":14},"end":{"line":301,"column":49}},"loc":{"start":{"line":300,"column":14},"end":{"line":301,"column":49}},"line":300},"54":{"name":"listActesTransfusionnels","decl":{"start":{"line":308,"column":32},"end":{"line":312,"column":74}},"loc":{"start":{"line":308,"column":32},"end":{"line":312,"column":74}},"line":308},"55":{"name":"getActeTransfusionnel","decl":{"start":{"line":314,"column":29},"end":{"line":315,"column":66}},"loc":{"start":{"line":314,"column":29},"end":{"line":315,"column":66}},"line":314},"56":{"name":"listRappels","decl":{"start":{"line":317,"column":19},"end":{"line":318,"column":47}},"loc":{"start":{"line":317,"column":19},"end":{"line":318,"column":47}},"line":317},"57":{"name":"getRappel","decl":{"start":{"line":320,"column":17},"end":{"line":320,"column":68}},"loc":{"start":{"line":320,"column":17},"end":{"line":320,"column":68}},"line":320}},"f":{"0":52,"1":52,"2":2,"3":5,"4":32,"5":15,"6":3,"7":2,"8":4,"9":1,"10":2,"11":1,"12":1,"13":0,"14":1,"15":1,"16":1,"17":0,"18":1,"19":1,"20":1,"21":1,"22":1,"23":1,"24":1,"25":1,"26":1,"27":1,"28":1,"29":1,"30":1,"31":1,"32":1,"33":1,"34":1,"35":1,"36":1,"37":1,"38":1,"39":1,"40":1,"41":1,"42":1,"43":1,"44":1,"45":1,"46":1,"47":1,"48":1,"49":1,"50":1,"51":1,"52":1,"53":1,"54":1,"55":1,"56":1,"57":1}}
,"/home/youssoupha/project/cnts/packages/api/src/index.ts": {"path":"/home/youssoupha/project/cnts/packages/api/src/index.ts","all":false,"statementMap":{"0":{"start":{"line":1,"column":0},"end":{"line":1,"column":25}},"1":{"start":{"line":2,"column":0},"end":{"line":2,"column":24}},"2":{"start":{"line":3,"column":0},"end":{"line":3,"column":24}}},"s":{"0":1,"1":1,"2":1},"branchMap":{},"b":{},"fnMap":{},"f":{}}
}
