{"/home/youssoupha/project/cnts/packages/monitoring/src/index.ts": {"path":"/home/youssoupha/project/cnts/packages/monitoring/src/index.ts","all":false,"statementMap":{"0":{"start":{"line":1,"column":0},"end":{"line":1,"column":26}},"1":{"start":{"line":2,"column":0},"end":{"line":2,"column":28}}},"s":{"0":1,"1":1},"branchMap":{},"b":{},"fnMap":{},"f":{}}
,"/home/youssoupha/project/cnts/packages/monitoring/src/metrics.ts": {"path":"/home/youssoupha/project/cnts/packages/monitoring/src/metrics.ts","all":false,"statementMap":{"14":{"start":{"line":15,"column":0},"end":{"line":15,"column":40}},"15":{"start":{"line":16,"column":0},"end":{"line":16,"column":23}},"16":{"start":{"line":17,"column":0},"end":{"line":17,"column":46}},"17":{"start":{"line":18,"column":0},"end":{"line":18,"column":3}},"18":{"start":{"line":19,"column":0},"end":{"line":19,"column":2}},"26":{"start":{"line":27,"column":0},"end":{"line":27,"column":95}},"27":{"start":{"line":28,"column":0},"end":{"line":28,"column":47}},"28":{"start":{"line":29,"column":0},"end":{"line":29,"column":43}},"29":{"start":{"line":30,"column":0},"end":{"line":30,"column":36}},"31":{"start":{"line":32,"column":0},"end":{"line":32,"column":86}},"32":{"start":{"line":33,"column":0},"end":{"line":33,"column":104}},"33":{"start":{"line":34,"column":0},"end":{"line":34,"column":41}},"35":{"start":{"line":36,"column":0},"end":{"line":36,"column":36}},"36":{"start":{"line":37,"column":0},"end":{"line":37,"column":9}},"37":{"start":{"line":38,"column":0},"end":{"line":38,"column":52}},"38":{"start":{"line":39,"column":0},"end":{"line":39,"column":51}},"39":{"start":{"line":40,"column":0},"end":{"line":40,"column":94}},"40":{"start":{"line":41,"column":0},"end":{"line":41,"column":22}},"41":{"start":{"line":42,"column":0},"end":{"line":42,"column":21}},"42":{"start":{"line":43,"column":0},"end":{"line":43,"column":51}},"43":{"start":{"line":44,"column":0},"end":{"line":44,"column":63}},"44":{"start":{"line":45,"column":0},"end":{"line":45,"column":57}},"45":{"start":{"line":46,"column":0},"end":{"line":46,"column":18}},"46":{"start":{"line":47,"column":0},"end":{"line":47,"column":5}},"47":{"start":{"line":48,"column":0},"end":{"line":48,"column":21}},"48":{"start":{"line":49,"column":0},"end":{"line":49,"column":1}}},"s":{"14":1,"15":1,"16":1,"17":1,"18":1,"26":1,"27":4,"28":4,"29":4,"31":4,"32":4,"33":4,"35":4,"36":4,"37":4,"38":2,"39":2,"40":2,"41":2,"42":2,"43":2,"44":2,"45":2,"46":2,"47":4,"48":4},"branchMap":{"0":{"type":"branch","line":16,"loc":{"start":{"line":16,"column":2},"end":{"line":18,"column":3}},"locations":[{"start":{"line":16,"column":2},"end":{"line":18,"column":3}}]},"1":{"type":"branch","line":27,"loc":{"start":{"line":27,"column":7},"end":{"line":49,"column":1}},"locations":[{"start":{"line":27,"column":7},"end":{"line":49,"column":1}}]},"2":{"type":"branch","line":28,"loc":{"start":{"line":28,"column":28},"end":{"line":28,"column":47}},"locations":[{"start":{"line":28,"column":28},"end":{"line":28,"column":47}}]},"3":{"type":"branch","line":29,"loc":{"start":{"line":29,"column":23},"end":{"line":29,"column":43}},"locations":[{"start":{"line":29,"column":23},"end":{"line":29,"column":43}}]},"4":{"type":"branch","line":32,"loc":{"start":{"line":32,"column":10},"end":{"line":48,"column":21}},"locations":[{"start":{"line":32,"column":10},"end":{"line":48,"column":21}}]},"5":{"type":"branch","line":33,"loc":{"start":{"line":33,"column":33},"end":{"line":33,"column":52}},"locations":[{"start":{"line":33,"column":33},"end":{"line":33,"column":52}}]},"6":{"type":"branch","line":33,"loc":{"start":{"line":33,"column":44},"end":{"line":33,"column":104}},"locations":[{"start":{"line":33,"column":44},"end":{"line":33,"column":104}}]},"7":{"type":"branch","line":33,"loc":{"start":{"line":33,"column":90},"end":{"line":33,"column":104}},"locations":[{"start":{"line":33,"column":90},"end":{"line":33,"column":104}}]},"8":{"type":"branch","line":34,"loc":{"start":{"line":34,"column":19},"end":{"line":34,"column":35}},"locations":[{"start":{"line":34,"column":19},"end":{"line":34,"column":35}}]},"9":{"type":"branch","line":34,"loc":{"start":{"line":34,"column":25},"end":{"line":34,"column":41}},"locations":[{"start":{"line":34,"column":25},"end":{"line":34,"column":41}}]},"10":{"type":"branch","line":38,"loc":{"start":{"line":38,"column":50},"end":{"line":47,"column":5}},"locations":[{"start":{"line":38,"column":50},"end":{"line":47,"column":5}}]},"11":{"type":"branch","line":45,"loc":{"start":{"line":45,"column":6},"end":{"line":45,"column":33}},"locations":[{"start":{"line":45,"column":6},"end":{"line":45,"column":33}}]}},"b":{"0":[1],"1":[4],"2":[0],"3":[1],"4":[4],"5":[3],"6":[1],"7":[0],"8":[1],"9":[3],"10":[2],"11":[1]},"fnMap":{"0":{"name":"recordFetch","decl":{"start":{"line":16,"column":2},"end":{"line":18,"column":3}},"loc":{"start":{"line":16,"column":2},"end":{"line":18,"column":3}},"line":16},"1":{"name":"createInstrumentedFetch","decl":{"start":{"line":27,"column":7},"end":{"line":49,"column":1}},"loc":{"start":{"line":27,"column":7},"end":{"line":49,"column":1}},"line":27}},"f":{"0":1,"1":4}}
,"/home/youssoupha/project/cnts/packages/monitoring/src/reporting.ts": {"path":"/home/youssoupha/project/cnts/packages/monitoring/src/reporting.ts","all":false,"statementMap":{"4":{"start":{"line":5,"column":0},"end":{"line":5,"column":47}},"5":{"start":{"line":6,"column":0},"end":{"line":6,"column":36}},"6":{"start":{"line":7,"column":0},"end":{"line":7,"column":64}},"7":{"start":{"line":8,"column":0},"end":{"line":8,"column":3}},"8":{"start":{"line":9,"column":0},"end":{"line":9,"column":2}}},"s":{"4":1,"5":1,"6":1,"7":1,"8":1},"branchMap":{"0":{"type":"branch","line":6,"loc":{"start":{"line":6,"column":2},"end":{"line":8,"column":3}},"locations":[{"start":{"line":6,"column":2},"end":{"line":8,"column":3}}]}},"b":{"0":[1]},"fnMap":{"0":{"name":"captureException","decl":{"start":{"line":6,"column":2},"end":{"line":8,"column":3}},"loc":{"start":{"line":6,"column":2},"end":{"line":8,"column":3}},"line":6}},"f":{"0":1}}
}
